  [1m[35mSQL (0.3ms)[0m  [1m[35mSET search_path TO public /*application='GuestReservation'*/[0m
  [1m[35m (210.3ms)[0m  [1m[35mCREATE DATABASE "guestReservation_development" ENCODING = 'utf8' /*application='GuestReservation'*/[0m
  [1m[35m (3.9ms)[0m  [1m[35mCREATE TABLE "schema_migrations" ("version" character varying NOT NULL PRIMARY KEY) /*application='GuestReservation'*/[0m
  [1m[35m (1.5ms)[0m  [1m[35mCREATE TABLE "ar_internal_metadata" ("key" character varying NOT NULL PRIMARY KEY, "value" character varying, "created_at" timestamp(6) NOT NULL, "updated_at" timestamp(6) NOT NULL) /*application='GuestReservation'*/[0m
  [1m[35m (0.1ms)[0m  [1m[34mSELECT pg_try_advisory_lock(6706962880234745520) /*application='GuestReservation'*/[0m
  [1m[36mActiveRecord::SchemaMigration Load (1.1ms)[0m  [1m[34mSELECT "schema_migrations"."version" FROM "schema_migrations" ORDER BY "schema_migrations"."version" ASC /*application='GuestReservation'*/[0m
  [1m[36mActiveRecord::InternalMetadata Load (0.8ms)[0m  [1m[34mSELECT * FROM "ar_internal_metadata" WHERE "ar_internal_metadata"."key" = 'environment' ORDER BY "ar_internal_metadata"."key" ASC LIMIT 1 /*application='GuestReservation'*/[0m
  [1m[36mActiveRecord::InternalMetadata Create (0.6ms)[0m  [1m[32mINSERT INTO "ar_internal_metadata" ("key", "value", "created_at", "updated_at") VALUES ('environment', 'development', '2025-11-30 07:49:02.267015', '2025-11-30 07:49:02.267017') RETURNING "key" /*application='GuestReservation'*/[0m
Migrating to CreateReservations (20251130074214)
  [1m[36mTRANSACTION (0.6ms)[0m  [1m[35mBEGIN /*application='GuestReservation'*/[0m
  [1m[35m (5.9ms)[0m  [1m[35mCREATE TABLE "reservations" ("id" bigserial primary key, "start_date" date, "end_date" date, "no_of_nights" integer DEFAULT 0 NOT NULL, "no_of_guests" integer DEFAULT 0 NOT NULL, "adults" integer DEFAULT 0 NOT NULL, "infants" integer DEFAULT 0 NOT NULL, "children" integer DEFAULT 0 NOT NULL, "status" character varying, "currency" character varying, "payout_price" decimal(10,2) DEFAULT 0.0 NOT NULL, "security_price" decimal(10,2) DEFAULT 0.0 NOT NULL, "total_price" decimal(10,2) DEFAULT 0.0 NOT NULL, "created_at" timestamp(6) NOT NULL, "updated_at" timestamp(6) NOT NULL) /*application='GuestReservation'*/[0m
  [1m[36mActiveRecord::SchemaMigration Create (0.3ms)[0m  [1m[32mINSERT INTO "schema_migrations" ("version") VALUES ('20251130074214') RETURNING "version" /*application='GuestReservation'*/[0m
  [1m[36mTRANSACTION (0.2ms)[0m  [1m[35mCOMMIT /*application='GuestReservation'*/[0m
  [1m[35m (0.4ms)[0m  [1m[34mSELECT pg_advisory_unlock(6706962880234745520) /*application='GuestReservation'*/[0m
  [1m[36mActiveRecord::SchemaMigration Load (0.1ms)[0m  [1m[34mSELECT "schema_migrations"."version" FROM "schema_migrations" ORDER BY "schema_migrations"."version" ASC /*application='GuestReservation'*/[0m
  [1m[35m (0.2ms)[0m  [1m[34mSELECT pg_try_advisory_lock(6706962880234745520) /*application='GuestReservation'*/[0m
  [1m[36mActiveRecord::SchemaMigration Load (1.1ms)[0m  [1m[34mSELECT "schema_migrations"."version" FROM "schema_migrations" ORDER BY "schema_migrations"."version" ASC /*application='GuestReservation'*/[0m
  [1m[36mActiveRecord::InternalMetadata Load (0.9ms)[0m  [1m[34mSELECT * FROM "ar_internal_metadata" WHERE "ar_internal_metadata"."key" = 'environment' ORDER BY "ar_internal_metadata"."key" ASC LIMIT 1 /*application='GuestReservation'*/[0m
Migrating to CreateGuests (20251130074919)
  [1m[35m (0.1ms)[0m  [1m[34mSELECT pg_advisory_unlock(6706962880234745520) /*application='GuestReservation'*/[0m
  [1m[35m (0.1ms)[0m  [1m[34mSELECT pg_try_advisory_lock(6706962880234745520) /*application='GuestReservation'*/[0m
  [1m[36mActiveRecord::SchemaMigration Load (0.8ms)[0m  [1m[34mSELECT "schema_migrations"."version" FROM "schema_migrations" ORDER BY "schema_migrations"."version" ASC /*application='GuestReservation'*/[0m
  [1m[36mActiveRecord::InternalMetadata Load (0.8ms)[0m  [1m[34mSELECT * FROM "ar_internal_metadata" WHERE "ar_internal_metadata"."key" = 'environment' ORDER BY "ar_internal_metadata"."key" ASC LIMIT 1 /*application='GuestReservation'*/[0m
Migrating to CreateGuests (20251130074919)
  [1m[35m (1.8ms)[0m  [1m[35mCREATE UNIQUE INDEX "index_guests_on_email" ON "guests" ("email") /*application='GuestReservation'*/[0m
  [1m[35m (0.5ms)[0m  [1m[35mCREATE UNIQUE INDEX "index_guests_on_email" ON "guests" ("email") /*application='GuestReservation'*/[0m
  [1m[35m (0.1ms)[0m  [1m[34mSELECT pg_advisory_unlock(6706962880234745520) /*application='GuestReservation'*/[0m
  [1m[35m (0.1ms)[0m  [1m[34mSELECT pg_try_advisory_lock(6706962880234745520) /*application='GuestReservation'*/[0m
  [1m[36mActiveRecord::SchemaMigration Load (0.8ms)[0m  [1m[34mSELECT "schema_migrations"."version" FROM "schema_migrations" ORDER BY "schema_migrations"."version" ASC /*application='GuestReservation'*/[0m
  [1m[36mActiveRecord::InternalMetadata Load (0.6ms)[0m  [1m[34mSELECT * FROM "ar_internal_metadata" WHERE "ar_internal_metadata"."key" = 'environment' ORDER BY "ar_internal_metadata"."key" ASC LIMIT 1 /*application='GuestReservation'*/[0m
Migrating to CreateGuests (20251130074919)
  [1m[36mTRANSACTION (0.0ms)[0m  [1m[35mBEGIN /*application='GuestReservation'*/[0m
  [1m[35m (7.7ms)[0m  [1m[35mCREATE TABLE "guests" ("id" bigserial primary key, "first_name" character varying, "last_name" character varying, "phone" character varying[] DEFAULT '{}' NOT NULL, "email" character varying NOT NULL, "created_at" timestamp(6) NOT NULL, "updated_at" timestamp(6) NOT NULL) /*application='GuestReservation'*/[0m
  [1m[35m (1.2ms)[0m  [1m[35mCREATE UNIQUE INDEX "index_guests_on_email" ON "guests" ("email") /*application='GuestReservation'*/[0m
  [1m[36mActiveRecord::SchemaMigration Create (0.1ms)[0m  [1m[32mINSERT INTO "schema_migrations" ("version") VALUES ('20251130074919') RETURNING "version" /*application='GuestReservation'*/[0m
  [1m[36mTRANSACTION (0.5ms)[0m  [1m[35mCOMMIT /*application='GuestReservation'*/[0m
  [1m[35m (0.5ms)[0m  [1m[34mSELECT pg_advisory_unlock(6706962880234745520) /*application='GuestReservation'*/[0m
  [1m[36mActiveRecord::SchemaMigration Load (0.1ms)[0m  [1m[34mSELECT "schema_migrations"."version" FROM "schema_migrations" ORDER BY "schema_migrations"."version" ASC /*application='GuestReservation'*/[0m
  [1m[36mActiveRecord::SchemaMigration Load (0.8ms)[0m  [1m[34mSELECT "schema_migrations"."version" FROM "schema_migrations" ORDER BY "schema_migrations"."version" ASC /*application='GuestReservation'*/[0m
  [1m[36mActiveRecord::SchemaMigration Load (0.1ms)[0m  [1m[34mSELECT "schema_migrations"."version" FROM "schema_migrations" ORDER BY "schema_migrations"."version" ASC /*application='GuestReservation'*/[0m
  [1m[36mActiveRecord::SchemaMigration Load (0.1ms)[0m  [1m[34mSELECT "schema_migrations"."version" FROM "schema_migrations" ORDER BY "schema_migrations"."version" ASC /*application='GuestReservation'*/[0m
  [1m[35m (0.2ms)[0m  [1m[34mSELECT pg_try_advisory_lock(6706962880234745520) /*application='GuestReservation'*/[0m
  [1m[36mActiveRecord::SchemaMigration Load (0.1ms)[0m  [1m[34mSELECT "schema_migrations"."version" FROM "schema_migrations" ORDER BY "schema_migrations"."version" ASC /*application='GuestReservation'*/[0m
Reverting CreateGuests (20251130074919)
  [1m[36mTRANSACTION (0.1ms)[0m  [1m[35mBEGIN /*application='GuestReservation'*/[0m
  [1m[35m (1.9ms)[0m  [1m[35mDROP INDEX  "index_guests_on_email" /*application='GuestReservation'*/[0m
  [1m[35m (2.1ms)[0m  [1m[35mDROP TABLE "guests" /*application='GuestReservation'*/[0m
  [1m[36mActiveRecord::SchemaMigration Destroy (0.3ms)[0m  [1m[31mDELETE FROM "schema_migrations" WHERE "schema_migrations"."version" = '20251130074919' /*application='GuestReservation'*/[0m
  [1m[36mTRANSACTION (1.6ms)[0m  [1m[35mCOMMIT /*application='GuestReservation'*/[0m
  [1m[35m (0.2ms)[0m  [1m[34mSELECT pg_advisory_unlock(6706962880234745520) /*application='GuestReservation'*/[0m
  [1m[36mActiveRecord::SchemaMigration Load (0.7ms)[0m  [1m[34mSELECT "schema_migrations"."version" FROM "schema_migrations" ORDER BY "schema_migrations"."version" ASC /*application='GuestReservation'*/[0m
  [1m[35m (0.1ms)[0m  [1m[34mSELECT pg_try_advisory_lock(6706962880234745520) /*application='GuestReservation'*/[0m
  [1m[36mActiveRecord::SchemaMigration Load (0.6ms)[0m  [1m[34mSELECT "schema_migrations"."version" FROM "schema_migrations" ORDER BY "schema_migrations"."version" ASC /*application='GuestReservation'*/[0m
  [1m[36mActiveRecord::InternalMetadata Load (0.8ms)[0m  [1m[34mSELECT * FROM "ar_internal_metadata" WHERE "ar_internal_metadata"."key" = 'environment' ORDER BY "ar_internal_metadata"."key" ASC LIMIT 1 /*application='GuestReservation'*/[0m
Migrating to CreateGuests (20251130074919)
  [1m[36mTRANSACTION (0.1ms)[0m  [1m[35mBEGIN /*application='GuestReservation'*/[0m
  [1m[35m (6.9ms)[0m  [1m[35mCREATE TABLE "guests" ("id" bigserial primary key, "first_name" character varying, "last_name" character varying, "phone" character varying[] DEFAULT '{}' NOT NULL, "email" character varying NOT NULL, "created_at" timestamp(6) NOT NULL, "updated_at" timestamp(6) NOT NULL) /*application='GuestReservation'*/[0m
  [1m[35m (0.9ms)[0m  [1m[35mCREATE UNIQUE INDEX "index_guests_on_email" ON "guests" ("email") /*application='GuestReservation'*/[0m
  [1m[36mActiveRecord::SchemaMigration Create (0.1ms)[0m  [1m[32mINSERT INTO "schema_migrations" ("version") VALUES ('20251130074919') RETURNING "version" /*application='GuestReservation'*/[0m
  [1m[36mTRANSACTION (0.7ms)[0m  [1m[35mCOMMIT /*application='GuestReservation'*/[0m
  [1m[35m (0.4ms)[0m  [1m[34mSELECT pg_advisory_unlock(6706962880234745520) /*application='GuestReservation'*/[0m
  [1m[36mActiveRecord::SchemaMigration Load (0.1ms)[0m  [1m[34mSELECT "schema_migrations"."version" FROM "schema_migrations" ORDER BY "schema_migrations"."version" ASC /*application='GuestReservation'*/[0m
  [1m[35m (0.1ms)[0m  [1m[34mSELECT pg_try_advisory_lock(6706962880234745520) /*application='GuestReservation'*/[0m
  [1m[36mActiveRecord::SchemaMigration Load (1.0ms)[0m  [1m[34mSELECT "schema_migrations"."version" FROM "schema_migrations" ORDER BY "schema_migrations"."version" ASC /*application='GuestReservation'*/[0m
  [1m[36mActiveRecord::InternalMetadata Load (0.8ms)[0m  [1m[34mSELECT * FROM "ar_internal_metadata" WHERE "ar_internal_metadata"."key" = 'environment' ORDER BY "ar_internal_metadata"."key" ASC LIMIT 1 /*application='GuestReservation'*/[0m
Migrating to CreateReservationGuests (20251130081110)
  [1m[36mTRANSACTION (0.1ms)[0m  [1m[35mBEGIN /*application='GuestReservation'*/[0m
  [1m[35m (7.1ms)[0m  [1m[35mCREATE TABLE "reservation_guests" ("id" bigserial primary key, "reservation_id" bigint NOT NULL, "guest_id" bigint NOT NULL, "created_at" timestamp(6) NOT NULL, "updated_at" timestamp(6) NOT NULL, CONSTRAINT "fk_rails_ba014fcee5"
FOREIGN KEY ("reservation_id")
  REFERENCES "reservations" ("id")
, CONSTRAINT "fk_rails_91b948a870"
FOREIGN KEY ("guest_id")
  REFERENCES "guests" ("id")
) /*application='GuestReservation'*/[0m
  [1m[35m (0.6ms)[0m  [1m[35mCREATE INDEX "index_reservation_guests_on_reservation_id" ON "reservation_guests" ("reservation_id") /*application='GuestReservation'*/[0m
  [1m[35m (1.0ms)[0m  [1m[35mCREATE INDEX "index_reservation_guests_on_guest_id" ON "reservation_guests" ("guest_id") /*application='GuestReservation'*/[0m
  [1m[35m (1.0ms)[0m  [1m[35mCREATE UNIQUE INDEX "index_reservation_guests_on_reservation_id_and_guest_id" ON "reservation_guests" ("reservation_id", "guest_id") /*application='GuestReservation'*/[0m
  [1m[36mActiveRecord::SchemaMigration Create (0.3ms)[0m  [1m[32mINSERT INTO "schema_migrations" ("version") VALUES ('20251130081110') RETURNING "version" /*application='GuestReservation'*/[0m
  [1m[36mTRANSACTION (0.6ms)[0m  [1m[35mCOMMIT /*application='GuestReservation'*/[0m
  [1m[35m (0.5ms)[0m  [1m[34mSELECT pg_advisory_unlock(6706962880234745520) /*application='GuestReservation'*/[0m
  [1m[36mActiveRecord::SchemaMigration Load (0.1ms)[0m  [1m[34mSELECT "schema_migrations"."version" FROM "schema_migrations" ORDER BY "schema_migrations"."version" ASC /*application='GuestReservation'*/[0m
  [1m[35mSQL (0.1ms)[0m  [1m[35mSET search_path TO public /*application='GuestReservation'*/[0m
  [1m[35m (44.0ms)[0m  [1m[35mCREATE DATABASE "guestReservation_development" ENCODING = 'utf8' /*application='GuestReservation'*/[0m
  [1m[35mSQL (0.1ms)[0m  [1m[35mSET search_path TO public /*application='GuestReservation'*/[0m
  [1m[35m (198.1ms)[0m  [1m[35mCREATE DATABASE "guestReservation_test" ENCODING = 'utf8' /*application='GuestReservation'*/[0m
  [1m[35mSQL (1.9ms)[0m  [1m[35mCREATE EXTENSION IF NOT EXISTS "plpgsql" SCHEMA pg_catalog /*application='GuestReservation'*/[0m
  [1m[35m (0.1ms)[0m  [1m[35mDROP TABLE IF EXISTS "guests" CASCADE /*application='GuestReservation'*/[0m
  [1m[35m (13.6ms)[0m  [1m[35mCREATE TABLE "guests" ("id" bigserial primary key, "first_name" character varying, "last_name" character varying, "phone" character varying[] DEFAULT '{}' NOT NULL, "email" character varying NOT NULL, "created_at" timestamp(6) NOT NULL, "updated_at" timestamp(6) NOT NULL) /*application='GuestReservation'*/[0m
  [1m[35m (0.9ms)[0m  [1m[35mCREATE UNIQUE INDEX "index_guests_on_email" ON "guests" ("email") /*application='GuestReservation'*/[0m
  [1m[35m (0.0ms)[0m  [1m[35mDROP TABLE IF EXISTS "reservation_guests" CASCADE /*application='GuestReservation'*/[0m
  [1m[35m (1.2ms)[0m  [1m[35mCREATE TABLE "reservation_guests" ("id" bigserial primary key, "reservation_id" bigint NOT NULL, "guest_id" bigint NOT NULL, "created_at" timestamp(6) NOT NULL, "updated_at" timestamp(6) NOT NULL) /*application='GuestReservation'*/[0m
  [1m[35m (0.7ms)[0m  [1m[35mCREATE INDEX "index_reservation_guests_on_guest_id" ON "reservation_guests" ("guest_id") /*application='GuestReservation'*/[0m
  [1m[35m (0.7ms)[0m  [1m[35mCREATE UNIQUE INDEX "index_reservation_guests_on_reservation_id_and_guest_id" ON "reservation_guests" ("reservation_id", "guest_id") /*application='GuestReservation'*/[0m
  [1m[35m (0.6ms)[0m  [1m[35mCREATE INDEX "index_reservation_guests_on_reservation_id" ON "reservation_guests" ("reservation_id") /*application='GuestReservation'*/[0m
  [1m[35m (0.0ms)[0m  [1m[35mDROP TABLE IF EXISTS "reservations" CASCADE /*application='GuestReservation'*/[0m
  [1m[35m (2.5ms)[0m  [1m[35mCREATE TABLE "reservations" ("id" bigserial primary key, "start_date" date, "end_date" date, "no_of_nights" integer DEFAULT 0 NOT NULL, "no_of_guests" integer DEFAULT 0 NOT NULL, "adults" integer DEFAULT 0 NOT NULL, "infants" integer DEFAULT 0 NOT NULL, "children" integer DEFAULT 0 NOT NULL, "status" character varying, "currency" character varying, "payout_price" decimal(10,2) DEFAULT 0.0 NOT NULL, "security_price" decimal(10,2) DEFAULT 0.0 NOT NULL, "total_price" decimal(10,2) DEFAULT 0.0 NOT NULL, "created_at" timestamp(6) NOT NULL, "updated_at" timestamp(6) NOT NULL) /*application='GuestReservation'*/[0m
  [1m[35m (4.7ms)[0m  [1m[35mALTER TABLE "reservation_guests" ADD CONSTRAINT "fk_rails_91b948a870"
FOREIGN KEY ("guest_id")
  REFERENCES "guests" ("id")
 /*application='GuestReservation'*/[0m
  [1m[35m (0.6ms)[0m  [1m[35mALTER TABLE "reservation_guests" ADD CONSTRAINT "fk_rails_ba014fcee5"
FOREIGN KEY ("reservation_id")
  REFERENCES "reservations" ("id")
 /*application='GuestReservation'*/[0m
  [1m[35m (16.7ms)[0m  [1m[35mCREATE TABLE "schema_migrations" ("version" character varying NOT NULL PRIMARY KEY) /*application='GuestReservation'*/[0m
  [1m[36mActiveRecord::SchemaMigration Load (0.6ms)[0m  [1m[34mSELECT "schema_migrations"."version" FROM "schema_migrations" ORDER BY "schema_migrations"."version" ASC /*application='GuestReservation'*/[0m
  [1m[35m (0.4ms)[0m  [1m[32mINSERT INTO "schema_migrations" (version) VALUES (20251130081110) /*application='GuestReservation'*/[0m
  [1m[35m (0.1ms)[0m  [1m[32mINSERT INTO "schema_migrations" (version) VALUES
(20251130074919),
(20251130074214); /*application='GuestReservation'*/[0m
  [1m[35m (1.7ms)[0m  [1m[35mCREATE TABLE "ar_internal_metadata" ("key" character varying NOT NULL PRIMARY KEY, "value" character varying, "created_at" timestamp(6) NOT NULL, "updated_at" timestamp(6) NOT NULL) /*application='GuestReservation'*/[0m
  [1m[36mActiveRecord::InternalMetadata Load (0.3ms)[0m  [1m[34mSELECT * FROM "ar_internal_metadata" WHERE "ar_internal_metadata"."key" = 'environment' ORDER BY "ar_internal_metadata"."key" ASC LIMIT 1 /*application='GuestReservation'*/[0m
  [1m[36mActiveRecord::InternalMetadata Create (0.5ms)[0m  [1m[32mINSERT INTO "ar_internal_metadata" ("key", "value", "created_at", "updated_at") VALUES ('environment', 'development', '2025-11-30 12:41:21.954132', '2025-11-30 12:41:21.954133') RETURNING "key" /*application='GuestReservation'*/[0m
  [1m[36mActiveRecord::InternalMetadata Load (0.0ms)[0m  [1m[34mSELECT * FROM "ar_internal_metadata" WHERE "ar_internal_metadata"."key" = 'environment' ORDER BY "ar_internal_metadata"."key" ASC LIMIT 1 /*application='GuestReservation'*/[0m
  [1m[36mActiveRecord::InternalMetadata Load (0.0ms)[0m  [1m[34mSELECT * FROM "ar_internal_metadata" WHERE "ar_internal_metadata"."key" = 'schema_sha1' ORDER BY "ar_internal_metadata"."key" ASC LIMIT 1 /*application='GuestReservation'*/[0m
  [1m[36mActiveRecord::InternalMetadata Create (0.1ms)[0m  [1m[32mINSERT INTO "ar_internal_metadata" ("key", "value", "created_at", "updated_at") VALUES ('schema_sha1', '5fb15cce8988df10bf5ef485efa3ab4f48d04b2a', '2025-11-30 12:41:21.960522', '2025-11-30 12:41:21.960523') RETURNING "key" /*application='GuestReservation'*/[0m
  [1m[35m (0.1ms)[0m  [1m[34mSELECT pg_try_advisory_lock(6706962880234745520) /*application='GuestReservation'*/[0m
  [1m[36mActiveRecord::SchemaMigration Load (0.1ms)[0m  [1m[34mSELECT "schema_migrations"."version" FROM "schema_migrations" ORDER BY "schema_migrations"."version" ASC /*application='GuestReservation'*/[0m
  [1m[36mActiveRecord::InternalMetadata Load (0.1ms)[0m  [1m[34mSELECT * FROM "ar_internal_metadata" WHERE "ar_internal_metadata"."key" = 'environment' ORDER BY "ar_internal_metadata"."key" ASC LIMIT 1 /*application='GuestReservation'*/[0m
  [1m[35m (0.1ms)[0m  [1m[34mSELECT pg_advisory_unlock(6706962880234745520) /*application='GuestReservation'*/[0m
  [1m[36mActiveRecord::SchemaMigration Load (0.0ms)[0m  [1m[34mSELECT "schema_migrations"."version" FROM "schema_migrations" ORDER BY "schema_migrations"."version" ASC /*application='GuestReservation'*/[0m
Started GET "/" for 192.168.65.1 at 2025-11-30 12:43:21 +0000
  [1m[36mActiveRecord::SchemaMigration Load (1.2ms)[0m  [1m[34mSELECT "schema_migrations"."version" FROM "schema_migrations" ORDER BY "schema_migrations"."version" ASC /*application='GuestReservation'*/[0m
Processing by Rails::WelcomeController#index as HTML
  Rendering /usr/local/bundle/gems/railties-8.0.4/lib/rails/templates/rails/welcome/index.html.erb
  Rendered /usr/local/bundle/gems/railties-8.0.4/lib/rails/templates/rails/welcome/index.html.erb (Duration: 0.7ms | GC: 0.0ms)
Completed 200 OK in 29ms (Views: 6.4ms | ActiveRecord: 0.0ms (0 queries, 0 cached) | GC: 0.0ms)


Started GET "/icon.png" for 192.168.65.1 at 2025-11-30 12:43:22 +0000
  
ActionController::RoutingError (No route matches [GET] "/icon.png"):
  
